  stdafx.cpp
  Animation.cpp
  Application.cpp
  Console.cpp
  GameScene.cpp
C:\Users\Sunrin\Desktop\SoSuGeonGong\PROJECT(5~)\xngin\xngin\GameScene.cpp(101,21): warning C4244: '초기화 중': 'float'에서 'int'(으)로 변환하면서 데이터가 손실될 수 있습니다.
  InputManager.cpp
C:\Users\Sunrin\Desktop\SoSuGeonGong\PROJECT(5~)\xngin\xngin\InputManager.cpp(38,27): warning C4244: '인수': 'LONG'에서 'FLOAT'(으)로 변환하면서 데이터가 손실될 수 있습니다.
C:\Users\Sunrin\Desktop\SoSuGeonGong\PROJECT(5~)\xngin\xngin\InputManager.cpp(38,22): warning C4244: '인수': 'LONG'에서 'FLOAT'(으)로 변환하면서 데이터가 손실될 수 있습니다.
  main.cpp
  MainScene.cpp
  Number.cpp
  Object.cpp
C:\Users\Sunrin\Desktop\SoSuGeonGong\PROJECT(5~)\xngin\xngin\Object.cpp(48,18): warning C4244: '+=': 'FLOAT'에서 'LONG'(으)로 변환하면서 데이터가 손실될 수 있습니다.
C:\Users\Sunrin\Desktop\SoSuGeonGong\PROJECT(5~)\xngin\xngin\Object.cpp(49,19): warning C4244: '+=': 'FLOAT'에서 'LONG'(으)로 변환하면서 데이터가 손실될 수 있습니다.
C:\Users\Sunrin\Desktop\SoSuGeonGong\PROJECT(5~)\xngin\xngin\Object.cpp(50,17): warning C4244: '+=': 'FLOAT'에서 'LONG'(으)로 변환하면서 데이터가 손실될 수 있습니다.
C:\Users\Sunrin\Desktop\SoSuGeonGong\PROJECT(5~)\xngin\xngin\Object.cpp(51,20): warning C4244: '+=': 'FLOAT'에서 'LONG'(으)로 변환하면서 데이터가 손실될 수 있습니다.
C:\Users\Sunrin\Desktop\SoSuGeonGong\PROJECT(5~)\xngin\xngin\Object.cpp(73,12): warning C4244: 'return': 'FLOAT'에서 'int'(으)로 변환하면서 데이터가 손실될 수 있습니다.
C:\Users\Sunrin\Desktop\SoSuGeonGong\PROJECT(5~)\xngin\xngin\Object.cpp(76,12): warning C4244: 'return': 'FLOAT'에서 'int'(으)로 변환하면서 데이터가 손실될 수 있습니다.
C:\Users\Sunrin\Desktop\SoSuGeonGong\PROJECT(5~)\xngin\xngin\Object.cpp(82,10): warning C4244: '=': 'int'에서 'FLOAT'(으)로 변환하면서 데이터가 손실될 수 있습니다.
C:\Users\Sunrin\Desktop\SoSuGeonGong\PROJECT(5~)\xngin\xngin\Object.cpp(83,10): warning C4244: '=': 'int'에서 'FLOAT'(으)로 변환하면서 데이터가 손실될 수 있습니다.
  Scene.cpp
  SceneManager.cpp
  SoundManager.cpp
  Sprite.cpp
  TextureManager.cpp
  코드를 생성하고 있습니다...
  xngin.vcxproj -> C:\Users\Sunrin\Desktop\SoSuGeonGong\PROJECT(5~)\xngin\x64\Debug\xngin.exe
