빌드 시작: 2020-11-26 오후 12:08:17
     1>2 노드의 "C:\Users\Sunrin-08\Documents\GitHub\SoSuGeonGong\PROJECT(5~)\xngin\xngin\xngin.vcxproj" 프로젝트(Build 대상)입니다.
     1>ClCompile:
         C:\Program Files (x86)\Microsoft Visual Studio 12.0\VC\bin\CL.exe /c /ZI /nologo /W3 /WX- /sdl- /Od /Oy- /D _DEBUG /D _CONSOLE /D _UNICODE /D UNICODE /Gm /EHsc /RTC1 /MDd /GS /fp:precise /Zc:wchar_t /Zc:forScope /Yu"stdafx.h" /Fp"Debug\xngin.pch" /Fo"Debug\\" /Fd"Debug\vc120.pdb" /Gd /TP /analyze- /errorReport:prompt GameScene.cpp MainScene.cpp main.cpp
         GameScene.cpp
         코드를 생성하고 있습니다...
         컴파일하고 있습니다...
         MainScene.cpp
         코드를 생성하고 있습니다...
         건너뛰고 있습니다... (관련된 변경 내용 없음)
         main.cpp
       Link:
         C:\Program Files (x86)\Microsoft Visual Studio 12.0\VC\bin\link.exe /ERRORREPORT:PROMPT /OUT:"C:\Users\Sunrin-08\Documents\GitHub\SoSuGeonGong\PROJECT(5~)\xngin\Debug\xngin.exe" /INCREMENTAL /NOLOGO d3dx9.lib d3d9.lib kernel32.lib user32.lib gdi32.lib winspool.lib comdlg32.lib advapi32.lib shell32.lib ole32.lib oleaut32.lib uuid.lib odbc32.lib odbccp32.lib /MANIFEST /MANIFESTUAC:"level='asInvoker' uiAccess='false'" /manifest:embed /DEBUG /PDB:"C:\Users\Sunrin-08\Documents\GitHub\SoSuGeonGong\PROJECT(5~)\xngin\Debug\xngin.pdb" /TLBID:1 /DYNAMICBASE /NXCOMPAT /IMPLIB:"C:\Users\Sunrin-08\Documents\GitHub\SoSuGeonGong\PROJECT(5~)\xngin\Debug\xngin.lib" /MACHINE:X86 Debug\Animation.obj
         Debug\Application.obj
         Debug\Console.obj
         Debug\GameScene.obj
         Debug\InputManager.obj
         Debug\main.obj
         Debug\MainScene.obj
         Debug\Number.obj
         Debug\Object.obj
         Debug\Scene.obj
         Debug\SceneManager.obj
         Debug\SoundManager.obj
         Debug\Sprite.obj
         Debug\stdafx.obj
         Debug\TextureManager.obj
         xngin.vcxproj -> C:\Users\Sunrin-08\Documents\GitHub\SoSuGeonGong\PROJECT(5~)\xngin\Debug\xngin.exe
     1>"C:\Users\Sunrin-08\Documents\GitHub\SoSuGeonGong\PROJECT(5~)\xngin\xngin\xngin.vcxproj" 프로젝트를 빌드했습니다(Build 대상).

빌드했습니다.

경과 시간: 00:00:01.49
