빌드 시작: 2020-11-26 오전 9:31:06
     1>2 노드의 "C:\Users\Sunrin-08\Documents\GitHub\SoSuGeonGong\5일차\xngin\xngin\xngin.vcxproj" 프로젝트(Build 대상)입니다.
     1>ClCompile:
         C:\Program Files (x86)\Microsoft Visual Studio 12.0\VC\bin\CL.exe /c /ZI /nologo /W3 /WX- /sdl- /Od /Oy- /D _DEBUG /D _CONSOLE /D _UNICODE /D UNICODE /Gm /EHsc /RTC1 /MDd /GS /fp:precise /Zc:wchar_t /Zc:forScope /Yc"stdafx.h" /Fp"Debug\xngin.pch" /Fo"Debug\\" /Fd"Debug\vc120.pdb" /Gd /TP /analyze- /errorReport:prompt stdafx.cpp
         stdafx.cpp
         C:\Program Files (x86)\Microsoft Visual Studio 12.0\VC\bin\CL.exe /c /ZI /nologo /W3 /WX- /sdl- /Od /Oy- /D _DEBUG /D _CONSOLE /D _UNICODE /D UNICODE /Gm /EHsc /RTC1 /MDd /GS /fp:precise /Zc:wchar_t /Zc:forScope /Yu"stdafx.h" /Fp"Debug\xngin.pch" /Fo"Debug\\" /Fd"Debug\vc120.pdb" /Gd /TP /analyze- /errorReport:prompt Animation.cpp Application.cpp Console.cpp GameScene.cpp InputManager.cpp main.cpp MainScene.cpp Number.cpp Object.cpp Scene.cpp SceneManager.cpp SoundManager.cpp Sprite.cpp TextureManager.cpp
         TextureManager.cpp
         Sprite.cpp
         SoundManager.cpp
         SceneManager.cpp
         Scene.cpp
         Object.cpp
     1>c:\users\sunrin-08\documents\github\sosugeongong\5일차\xngin\xngin\object.cpp(48): warning C4244: '+=' : 'FLOAT'에서 'LONG'(으)로 변환하면서 데이터가 손실될 수 있습니다.
     1>c:\users\sunrin-08\documents\github\sosugeongong\5일차\xngin\xngin\object.cpp(49): warning C4244: '+=' : 'FLOAT'에서 'LONG'(으)로 변환하면서 데이터가 손실될 수 있습니다.
     1>c:\users\sunrin-08\documents\github\sosugeongong\5일차\xngin\xngin\object.cpp(50): warning C4244: '+=' : 'FLOAT'에서 'LONG'(으)로 변환하면서 데이터가 손실될 수 있습니다.
     1>c:\users\sunrin-08\documents\github\sosugeongong\5일차\xngin\xngin\object.cpp(51): warning C4244: '+=' : 'FLOAT'에서 'LONG'(으)로 변환하면서 데이터가 손실될 수 있습니다.
     1>c:\users\sunrin-08\documents\github\sosugeongong\5일차\xngin\xngin\object.cpp(58): warning C4800: 'BOOL' : 'true' 또는 'false'로 bool 값을 강제하고 있습니다(성능 경고).
     1>c:\users\sunrin-08\documents\github\sosugeongong\5일차\xngin\xngin\object.cpp(73): warning C4244: 'return' : 'FLOAT'에서 'int'(으)로 변환하면서 데이터가 손실될 수 있습니다.
     1>c:\users\sunrin-08\documents\github\sosugeongong\5일차\xngin\xngin\object.cpp(76): warning C4244: 'return' : 'FLOAT'에서 'int'(으)로 변환하면서 데이터가 손실될 수 있습니다.
     1>c:\users\sunrin-08\documents\github\sosugeongong\5일차\xngin\xngin\object.cpp(82): warning C4244: '=' : 'int'에서 'FLOAT'(으)로 변환하면서 데이터가 손실될 수 있습니다.
     1>c:\users\sunrin-08\documents\github\sosugeongong\5일차\xngin\xngin\object.cpp(83): warning C4244: '=' : 'int'에서 'FLOAT'(으)로 변환하면서 데이터가 손실될 수 있습니다.
         Number.cpp
         MainScene.cpp
         main.cpp
         InputManager.cpp
     1>c:\users\sunrin-08\documents\github\sosugeongong\5일차\xngin\xngin\inputmanager.cpp(16): warning C4800: 'int' : 'true' 또는 'false'로 bool 값을 강제하고 있습니다(성능 경고).
     1>c:\users\sunrin-08\documents\github\sosugeongong\5일차\xngin\xngin\inputmanager.cpp(38): warning C4244: '인수' : 'LONG'에서 'FLOAT'(으)로 변환하면서 데이터가 손실될 수 있습니다.
         GameScene.cpp
     1>c:\users\sunrin-08\documents\github\sosugeongong\5일차\xngin\xngin\gamescene.cpp(77): warning C4244: '인수' : 'float'에서 'int'(으)로 변환하면서 데이터가 손실될 수 있습니다.
     1>c:\users\sunrin-08\documents\github\sosugeongong\5일차\xngin\xngin\gamescene.cpp(79): warning C4244: '인수' : 'float'에서 'int'(으)로 변환하면서 데이터가 손실될 수 있습니다.
     1>c:\users\sunrin-08\documents\github\sosugeongong\5일차\xngin\xngin\gamescene.cpp(81): warning C4244: '인수' : 'float'에서 'int'(으)로 변환하면서 데이터가 손실될 수 있습니다.
     1>c:\users\sunrin-08\documents\github\sosugeongong\5일차\xngin\xngin\gamescene.cpp(100): warning C4244: '초기화 중' : 'float'에서 'int'(으)로 변환하면서 데이터가 손실될 수 있습니다.
         Console.cpp
         Application.cpp
         Animation.cpp
         코드를 생성하고 있습니다...
       Link:
         C:\Program Files (x86)\Microsoft Visual Studio 12.0\VC\bin\link.exe /ERRORREPORT:PROMPT /OUT:"C:\Users\Sunrin-08\Documents\GitHub\SoSuGeonGong\5일차\xngin\Debug\xngin.exe" /INCREMENTAL /NOLOGO d3dx9.lib d3d9.lib kernel32.lib user32.lib gdi32.lib winspool.lib comdlg32.lib advapi32.lib shell32.lib ole32.lib oleaut32.lib uuid.lib odbc32.lib odbccp32.lib /MANIFEST /MANIFESTUAC:"level='asInvoker' uiAccess='false'" /manifest:embed /DEBUG /PDB:"C:\Users\Sunrin-08\Documents\GitHub\SoSuGeonGong\5일차\xngin\Debug\xngin.pdb" /TLBID:1 /DYNAMICBASE /NXCOMPAT /IMPLIB:"C:\Users\Sunrin-08\Documents\GitHub\SoSuGeonGong\5일차\xngin\Debug\xngin.lib" /MACHINE:X86 Debug\Animation.obj
         Debug\Application.obj
         Debug\Console.obj
         Debug\GameScene.obj
         Debug\InputManager.obj
         Debug\main.obj
         Debug\MainScene.obj
         Debug\Number.obj
         Debug\Object.obj
         Debug\Scene.obj
         Debug\SceneManager.obj
         Debug\SoundManager.obj
         Debug\Sprite.obj
         Debug\stdafx.obj
         Debug\TextureManager.obj
         xngin.vcxproj -> C:\Users\Sunrin-08\Documents\GitHub\SoSuGeonGong\5일차\xngin\Debug\xngin.exe
     1>"C:\Users\Sunrin-08\Documents\GitHub\SoSuGeonGong\5일차\xngin\xngin\xngin.vcxproj" 프로젝트를 빌드했습니다(Build 대상).

빌드했습니다.

경과 시간: 00:00:03.91
